[debug] [2022-06-24T23:46:19.251Z] ----------------------------------------------------------------------
[debug] [2022-06-24T23:46:19.253Z] Command:       /Users/jonh/.nvm/versions/node/v16.15.0/bin/node /Users/jonh/.nvm/versions/node/v16.15.0/bin/firebase init
[debug] [2022-06-24T23:46:19.253Z] CLI Version:   11.1.0
[debug] [2022-06-24T23:46:19.253Z] Platform:      darwin
[debug] [2022-06-24T23:46:19.253Z] Node Version:  v16.15.0
[debug] [2022-06-24T23:46:19.255Z] Time:          Fri Jun 24 2022 19:46:19 GMT-0400 (Eastern Daylight Time)
[debug] [2022-06-24T23:46:19.255Z] ----------------------------------------------------------------------
[debug] 
[debug] [2022-06-24T23:46:19.317Z] > command requires scopes: ["email","openid","https://www.googleapis.com/auth/cloudplatformprojects.readonly","https://www.googleapis.com/auth/firebase","https://www.googleapis.com/auth/cloud-platform"]
[debug] [2022-06-24T23:46:19.317Z] > authorizing via signed-in user (nikupatelbhadol@gmail.com)
[info] 
     ######## #### ########  ######## ########     ###     ######  ########
     ##        ##  ##     ## ##       ##     ##  ##   ##  ##       ##
     ######    ##  ########  ######   ########  #########  ######  ######
     ##        ##  ##    ##  ##       ##     ## ##     ##       ## ##
     ##       #### ##     ## ######## ########  ##     ##  ######  ########

You're about to initialize a Firebase project in this directory:

  /Users/jonh/Downloads/MoneyFlowFinal

Before we get started, keep in mind:

  * You are initializing within an existing Firebase project directory

[info] 
=== Project Setup
[info] 
[info] First, let's associate this project directory with a Firebase project.
[info] You can create multiple project aliases by running firebase use --add, 
[info] but for now we'll just set up a default project.
[info] 
[debug] [2022-06-24T23:46:22.583Z] Using project from CLI flag: moneyflow-9bd6a
[debug] [2022-06-24T23:46:22.585Z] >>> [apiv2][query] GET https://firebase.googleapis.com/v1beta1/projects/moneyflow-9bd6a [none]
[debug] [2022-06-24T23:46:22.904Z] <<< [apiv2][status] GET https://firebase.googleapis.com/v1beta1/projects/moneyflow-9bd6a 200
[debug] [2022-06-24T23:46:22.904Z] <<< [apiv2][body] GET https://firebase.googleapis.com/v1beta1/projects/moneyflow-9bd6a {"projectId":"moneyflow-9bd6a","projectNumber":"329961351906","displayName":"MoneyFlow","name":"projects/moneyflow-9bd6a","resources":{"hostingSite":"moneyflow-9bd6a"},"state":"ACTIVE"}
[info] i  Using project moneyflow-9bd6a (MoneyFlow) 
[info] 
=== Hosting Setup
[info] 
[info] Your public directory is the folder (relative to your project directory) that
[info] will contain Hosting assets to be uploaded with firebase deploy. If you
[info] have a build process for your assets, use your build's output directory.
[info] 
